<?xml version="1.0" encoding="UTF-8"?>
<!-- Generated by org.testng.reporters.JUnitReportReporter -->
<testsuite hostname="ABHIJITH" failures="0" tests="1" name="TestNgPractices.Assertion" time="6.002" errors="0" timestamp="2025-07-29T20:21:57 IST" skipped="0">
  <testcase classname="TestNgPractices.Assertion" name="demo" time="6.002"/>
</testsuite> <!-- TestNgPractices.Assertion -->
