<?xml version="1.0" encoding="UTF-8"?>
<!-- Generated by org.testng.reporters.JUnitReportReporter -->
<testsuite hostname="ABHIJITH" failures="0" tests="5" name="TestNgPractices.Demo" time="0.025" errors="0" timestamp="2025-07-23T20:23:59 IST" skipped="0">
  <testcase classname="TestNgPractices.Demo" name="b11" time="0.001">
    <system-out>
      <![CDATA[b11 is executed]]>
    </system-out>
  </testcase> <!-- b11 -->
  <testcase classname="TestNgPractices.Demo" name="a11" time="0.017">
    <system-out>
      <![CDATA[a11 is executed]]>
    </system-out>
  </testcase> <!-- a11 -->
  <testcase classname="TestNgPractices.Demo" name="b25" time="0.002">
    <system-out>
      <![CDATA[b25 is executed]]>
    </system-out>
  </testcase> <!-- b25 -->
  <testcase classname="TestNgPractices.Demo" name="a23" time="0.002">
    <system-out>
      <![CDATA[a23 is executed]]>
    </system-out>
  </testcase> <!-- a23 -->
  <testcase classname="TestNgPractices.Demo" name="a31" time="0.003">
    <system-out>
      <![CDATA[a31 is executed]]>
    </system-out>
  </testcase> <!-- a31 -->
  <system-out>
    <![CDATA[a11 is executed
a23 is executed
a31 is executed
b11 is executed
b25 is executed]]>
  </system-out>
</testsuite> <!-- TestNgPractices.Demo -->
