<?xml version="1.0" encoding="UTF-8"?>
<!-- Generated by org.testng.reporters.JUnitReportReporter -->
<testsuite hostname="ABHIJITH" failures="0" tests="3" name="TestNgPractices.DependsOn" time="0.014" errors="0" timestamp="2025-07-24T20:20:06 IST" skipped="0">
  <testcase classname="TestNgPractices.DependsOn" name="addCart" time="0.012">
    <system-out>
      <![CDATA[added]]>
    </system-out>
  </testcase> <!-- addCart -->
  <testcase classname="TestNgPractices.DependsOn" name="deleteCart" time="0.001">
    <system-out>
      <![CDATA[deleted]]>
    </system-out>
  </testcase> <!-- deleteCart -->
  <testcase classname="TestNgPractices.DependsOn" name="editCart" time="0.001">
    <system-out>
      <![CDATA[edited]]>
    </system-out>
  </testcase> <!-- editCart -->
  <system-out>
    <![CDATA[added
edited
deleted]]>
  </system-out>
</testsuite> <!-- TestNgPractices.DependsOn -->
