<?xml version="1.0" encoding="UTF-8"?>
<!-- Generated by org.testng.reporters.JUnitReportReporter -->
<testsuite hostname="ABHIJITH" failures="0" tests="4" name="TestNgPractices.Enabled" time="0.015" errors="0" timestamp="2025-07-24T19:54:32 IST" skipped="1">
  <testcase classname="TestNgPractices.Enabled" name="a11" time="0.011">
    <system-out>
      <![CDATA[a11 is executed]]>
    </system-out>
  </testcase> <!-- a11 -->
  <testcase classname="TestNgPractices.Enabled" name="b11" time="0.002">
    <system-out>
      <![CDATA[b11 is executed]]>
    </system-out>
  </testcase> <!-- b11 -->
  <testcase classname="TestNgPractices.Enabled" name="b25" time="0.002">
    <system-out>
      <![CDATA[b25 is executed]]>
    </system-out>
  </testcase> <!-- b25 -->
  <testcase classname="TestNgPractices.Enabled" name="a23">
    <skipped/>
  </testcase> <!-- a23 -->
  <system-out>
    <![CDATA[a11 is executed
b11 is executed
b25 is executed]]>
  </system-out>
</testsuite> <!-- TestNgPractices.Enabled -->
