<?xml version="1.0" encoding="UTF-8"?>
<!-- Generated by org.testng.reporters.JUnitReportReporter -->
<testsuite hostname="ABHIJITH" failures="0" tests="1" name="TestNgPractices.ConfigAnnotation" time="0.025" errors="0" timestamp="2025-07-26T19:29:54 IST" skipped="0">
  <testcase classname="TestNgPractices.ConfigAnnotation" name="demo" time="0.025"/>
</testsuite> <!-- TestNgPractices.ConfigAnnotation -->
