<?xml version="1.0" encoding="UTF-8"?>
<!-- Generated by org.testng.reporters.JUnitReportReporter -->
<testsuite hostname="ABHIJITH" failures="0" tests="3" name="TestNgPractices.Priority" time="0.014" errors="0" timestamp="2025-07-24T19:31:07 IST" skipped="0">
  <testcase classname="TestNgPractices.Priority" name="sub" time="0.011">
    <system-out>
      <![CDATA[sub]]>
    </system-out>
  </testcase> <!-- sub -->
  <testcase classname="TestNgPractices.Priority" name="div" time="0.001">
    <system-out>
      <![CDATA[div]]>
    </system-out>
  </testcase> <!-- div -->
  <testcase classname="TestNgPractices.Priority" name="add" time="0.002">
    <system-out>
      <![CDATA[add]]>
    </system-out>
  </testcase> <!-- add -->
  <system-out>
    <![CDATA[sub
div
add]]>
  </system-out>
</testsuite> <!-- TestNgPractices.Priority -->
