<?xml version="1.0" encoding="UTF-8"?>
<!-- Generated by org.testng.reporters.JUnitReportReporter -->
<testsuite hostname="ABHIJITH" failures="0" tests="1" name="Practice.ParametersFromCmd" time="3.006" errors="0" timestamp="2025-08-04T20:43:11 IST" skipped="0">
  <testcase classname="Practice.ParametersFromCmd" name="CmdParameters" time="3.006"/>
</testsuite> <!-- Practice.ParametersFromCmd -->
