<?xml version="1.0" encoding="UTF-8"?>
<!-- Generated by org.testng.reporters.JUnitReportReporter -->
<testsuite hostname="ABHIJITH" failures="0" tests="10" name="TestNgPractices.InvCount" time="30.195" errors="0" timestamp="2025-07-24T19:45:37 IST" skipped="0">
  <testcase classname="TestNgPractices.InvCount" name="login" time="3.889"/>
  <testcase classname="TestNgPractices.InvCount" name="login" time="2.740"/>
  <testcase classname="TestNgPractices.InvCount" name="login" time="2.646"/>
  <testcase classname="TestNgPractices.InvCount" name="login" time="2.738"/>
  <testcase classname="TestNgPractices.InvCount" name="login" time="3.878"/>
  <testcase classname="TestNgPractices.InvCount" name="login" time="2.907"/>
  <testcase classname="TestNgPractices.InvCount" name="login" time="2.984"/>
  <testcase classname="TestNgPractices.InvCount" name="login" time="3.162"/>
  <testcase classname="TestNgPractices.InvCount" name="login" time="2.566"/>
  <testcase classname="TestNgPractices.InvCount" name="login" time="2.685"/>
</testsuite> <!-- TestNgPractices.InvCount -->
