<?xml version="1.0" encoding="UTF-8"?>
<!-- Generated by org.testng.reporters.JUnitReportReporter -->
<testsuite hostname="ABHIJITH" failures="0" tests="3" name="TestNgPractices.Dataprovider" time="0.025" errors="0" timestamp="2025-07-25T19:36:44 IST" skipped="0">
  <testcase classname="TestNgPractices.Dataprovider" name="login" time="0.020"/>
  <testcase classname="TestNgPractices.Dataprovider" name="login" time="0.002"/>
  <testcase classname="TestNgPractices.Dataprovider" name="login" time="0.003"/>
</testsuite> <!-- TestNgPractices.Dataprovider -->
