<?xml version="1.0" encoding="UTF-8"?>
<!-- Generated by org.testng.reporters.JUnitReportReporter -->
<testsuite hostname="ABHIJITH" failures="0" tests="1" name="TestNgPractices.FacebookScreenshot" time="3.332" errors="0" timestamp="2025-07-30T20:00:12 IST" skipped="0">
  <testcase classname="TestNgPractices.FacebookScreenshot" name="demo" time="3.332"/>
</testsuite> <!-- TestNgPractices.FacebookScreenshot -->
