<?xml version="1.0" encoding="UTF-8"?>
<!-- Generated by org.testng.reporters.JUnitReportReporter -->
<testsuite hostname="ABHIJITH" failures="0" tests="1" name="ImplementationOfUtilities.CreateCampaignWithExpectedDate" time="4.219" errors="0" timestamp="2025-07-26T19:43:44 IST" skipped="0">
  <testcase classname="ImplementationOfUtilities.CreateCampaignWithExpectedDate" name="createCampaignWithExpectedDate" time="4.219"/>
</testsuite> <!-- ImplementationOfUtilities.CreateCampaignWithExpectedDate -->
