<?xml version="1.0" encoding="UTF-8"?>
<!-- Generated by org.testng.reporters.JUnitReportReporter -->
<testsuite hostname="ABHIJITH" failures="0" tests="1" name="ImplementationOfUtilities.CreateProduct" time="4.176" errors="0" timestamp="2025-07-26T19:58:30 IST" skipped="0">
  <testcase classname="ImplementationOfUtilities.CreateProduct" name="tocreateProduct" time="4.176"/>
</testsuite> <!-- ImplementationOfUtilities.CreateProduct -->
