<?xml version="1.0" encoding="UTF-8"?>
<!-- Generated by org.testng.reporters.JUnitReportReporter -->
<testsuite hostname="ABHIJITH" failures="0" tests="1" name="ImplementationOfUtilities.CreateCampaignWithMandatoryFields" time="7.075" errors="0" timestamp="2025-07-26T19:37:42 IST" skipped="0">
  <testcase classname="ImplementationOfUtilities.CreateCampaignWithMandatoryFields" name="toCreateCampaignWithMandatoryFields" time="7.075"/>
</testsuite> <!-- ImplementationOfUtilities.CreateCampaignWithMandatoryFields -->
